<?xml version="1.0" encoding="UTF-8"?>
<testsuite xmlns:xsi="http://www.w3.org/2001/XMLSchema-instance" xsi:noNamespaceSchemaLocation="https://maven.apache.org/surefire/maven-surefire-plugin/xsd/surefire-test-report-3.0.xsd" version="3.0" name="TestSuite" time="90.554" tests="2" errors="0" skipped="0" failures="0">
  <properties>
    <property name="gopherProxySet" value="false"/>
    <property name="awt.toolkit" value="sun.lwawt.macosx.LWCToolkit"/>
    <property name="java.specification.version" value="11"/>
    <property name="webdriver.chrome.driver" value="/Users/ramandhiman/.m2/repository/webdriver/chromedriver/mac64/102.0.5005.61/chromedriver"/>
    <property name="sun.cpu.isalist" value=""/>
    <property name="sun.jnu.encoding" value="UTF-8"/>
    <property name="java.class.path" value="/Users/ramandhiman/eclipse-workspace2020_12/WebSelenium_Intellij/target/test-classes:/Users/ramandhiman/eclipse-workspace2020_12/WebSelenium_Intellij/target/classes:/Users/ramandhiman/.m2/repository/org/seleniumhq/selenium/selenium-java/4.1.4/selenium-java-4.1.4.jar:/Users/ramandhiman/.m2/repository/org/seleniumhq/selenium/selenium-api/4.1.4/selenium-api-4.1.4.jar:/Users/ramandhiman/.m2/repository/org/seleniumhq/selenium/selenium-chrome-driver/4.1.4/selenium-chrome-driver-4.1.4.jar:/Users/ramandhiman/.m2/repository/com/google/auto/service/auto-service-annotations/1.0.1/auto-service-annotations-1.0.1.jar:/Users/ramandhiman/.m2/repository/com/google/auto/service/auto-service/1.0.1/auto-service-1.0.1.jar:/Users/ramandhiman/.m2/repository/com/google/auto/auto-common/1.2/auto-common-1.2.jar:/Users/ramandhiman/.m2/repository/com/google/guava/guava/31.1-jre/guava-31.1-jre.jar:/Users/ramandhiman/.m2/repository/com/google/guava/failureaccess/1.0.1/failureaccess-1.0.1.jar:/Users/ramandhiman/.m2/repository/com/google/guava/listenablefuture/9999.0-empty-to-avoid-conflict-with-guava/listenablefuture-9999.0-empty-to-avoid-conflict-with-guava.jar:/Users/ramandhiman/.m2/repository/com/google/code/findbugs/jsr305/3.0.2/jsr305-3.0.2.jar:/Users/ramandhiman/.m2/repository/org/checkerframework/checker-qual/3.12.0/checker-qual-3.12.0.jar:/Users/ramandhiman/.m2/repository/com/google/errorprone/error_prone_annotations/2.11.0/error_prone_annotations-2.11.0.jar:/Users/ramandhiman/.m2/repository/com/google/j2objc/j2objc-annotations/1.3/j2objc-annotations-1.3.jar:/Users/ramandhiman/.m2/repository/org/seleniumhq/selenium/selenium-chromium-driver/4.1.4/selenium-chromium-driver-4.1.4.jar:/Users/ramandhiman/.m2/repository/org/seleniumhq/selenium/selenium-json/4.1.4/selenium-json-4.1.4.jar:/Users/ramandhiman/.m2/repository/org/seleniumhq/selenium/selenium-devtools-v100/4.1.4/selenium-devtools-v100-4.1.4.jar:/Users/ramandhiman/.m2/repository/org/seleniumhq/selenium/selenium-devtools-v101/4.1.4/selenium-devtools-v101-4.1.4.jar:/Users/ramandhiman/.m2/repository/org/seleniumhq/selenium/selenium-devtools-v85/4.1.4/selenium-devtools-v85-4.1.4.jar:/Users/ramandhiman/.m2/repository/org/seleniumhq/selenium/selenium-devtools-v99/4.1.4/selenium-devtools-v99-4.1.4.jar:/Users/ramandhiman/.m2/repository/org/seleniumhq/selenium/selenium-edge-driver/4.1.4/selenium-edge-driver-4.1.4.jar:/Users/ramandhiman/.m2/repository/org/seleniumhq/selenium/selenium-firefox-driver/4.1.4/selenium-firefox-driver-4.1.4.jar:/Users/ramandhiman/.m2/repository/org/seleniumhq/selenium/selenium-ie-driver/4.1.4/selenium-ie-driver-4.1.4.jar:/Users/ramandhiman/.m2/repository/org/seleniumhq/selenium/selenium-opera-driver/4.1.4/selenium-opera-driver-4.1.4.jar:/Users/ramandhiman/.m2/repository/org/seleniumhq/selenium/selenium-remote-driver/4.1.4/selenium-remote-driver-4.1.4.jar:/Users/ramandhiman/.m2/repository/io/netty/netty-buffer/4.1.76.Final/netty-buffer-4.1.76.Final.jar:/Users/ramandhiman/.m2/repository/io/netty/netty-codec-http/4.1.76.Final/netty-codec-http-4.1.76.Final.jar:/Users/ramandhiman/.m2/repository/io/netty/netty-codec/4.1.76.Final/netty-codec-4.1.76.Final.jar:/Users/ramandhiman/.m2/repository/io/netty/netty-handler/4.1.76.Final/netty-handler-4.1.76.Final.jar:/Users/ramandhiman/.m2/repository/io/netty/netty-common/4.1.76.Final/netty-common-4.1.76.Final.jar:/Users/ramandhiman/.m2/repository/io/netty/netty-transport-classes-epoll/4.1.76.Final/netty-transport-classes-epoll-4.1.76.Final.jar:/Users/ramandhiman/.m2/repository/io/netty/netty-transport-classes-kqueue/4.1.76.Final/netty-transport-classes-kqueue-4.1.76.Final.jar:/Users/ramandhiman/.m2/repository/io/netty/netty-transport-native-epoll/4.1.76.Final/netty-transport-native-epoll-4.1.76.Final.jar:/Users/ramandhiman/.m2/repository/io/netty/netty-transport-native-kqueue/4.1.76.Final/netty-transport-native-kqueue-4.1.76.Final.jar:/Users/ramandhiman/.m2/repository/io/netty/netty-transport-native-unix-common/4.1.76.Final/netty-transport-native-unix-common-4.1.76.Final.jar:/Users/ramandhiman/.m2/repository/io/netty/netty-transport/4.1.76.Final/netty-transport-4.1.76.Final.jar:/Users/ramandhiman/.m2/repository/io/netty/netty-resolver/4.1.76.Final/netty-resolver-4.1.76.Final.jar:/Users/ramandhiman/.m2/repository/io/opentelemetry/opentelemetry-api/1.13.0/opentelemetry-api-1.13.0.jar:/Users/ramandhiman/.m2/repository/io/opentelemetry/opentelemetry-context/1.13.0/opentelemetry-context-1.13.0.jar:/Users/ramandhiman/.m2/repository/io/opentelemetry/opentelemetry-exporter-logging/1.13.0/opentelemetry-exporter-logging-1.13.0.jar:/Users/ramandhiman/.m2/repository/io/opentelemetry/opentelemetry-sdk-metrics/1.13.0-alpha/opentelemetry-sdk-metrics-1.13.0-alpha.jar:/Users/ramandhiman/.m2/repository/io/opentelemetry/opentelemetry-sdk-logs/1.13.0-alpha/opentelemetry-sdk-logs-1.13.0-alpha.jar:/Users/ramandhiman/.m2/repository/io/opentelemetry/opentelemetry-sdk-common/1.13.0/opentelemetry-sdk-common-1.13.0.jar:/Users/ramandhiman/.m2/repository/io/opentelemetry/opentelemetry-sdk-extension-autoconfigure-spi/1.13.0/opentelemetry-sdk-extension-autoconfigure-spi-1.13.0.jar:/Users/ramandhiman/.m2/repository/io/opentelemetry/opentelemetry-sdk-extension-autoconfigure/1.13.0-alpha/opentelemetry-sdk-extension-autoconfigure-1.13.0-alpha.jar:/Users/ramandhiman/.m2/repository/io/opentelemetry/opentelemetry-sdk-trace/1.13.0/opentelemetry-sdk-trace-1.13.0.jar:/Users/ramandhiman/.m2/repository/io/opentelemetry/opentelemetry-sdk/1.13.0/opentelemetry-sdk-1.13.0.jar:/Users/ramandhiman/.m2/repository/io/opentelemetry/opentelemetry-semconv/1.13.0-alpha/opentelemetry-semconv-1.13.0-alpha.jar:/Users/ramandhiman/.m2/repository/io/ous/jtoml/2.0.0/jtoml-2.0.0.jar:/Users/ramandhiman/.m2/repository/net/bytebuddy/byte-buddy/1.12.9/byte-buddy-1.12.9.jar:/Users/ramandhiman/.m2/repository/org/apache/commons/commons-exec/1.3/commons-exec-1.3.jar:/Users/ramandhiman/.m2/repository/org/asynchttpclient/async-http-client/2.12.3/async-http-client-2.12.3.jar:/Users/ramandhiman/.m2/repository/org/asynchttpclient/async-http-client-netty-utils/2.12.3/async-http-client-netty-utils-2.12.3.jar:/Users/ramandhiman/.m2/repository/io/netty/netty-codec-socks/4.1.60.Final/netty-codec-socks-4.1.60.Final.jar:/Users/ramandhiman/.m2/repository/io/netty/netty-handler-proxy/4.1.60.Final/netty-handler-proxy-4.1.60.Final.jar:/Users/ramandhiman/.m2/repository/io/netty/netty-transport-native-epoll/4.1.60.Final/netty-transport-native-epoll-4.1.60.Final-linux-x86_64.jar:/Users/ramandhiman/.m2/repository/io/netty/netty-transport-native-kqueue/4.1.60.Final/netty-transport-native-kqueue-4.1.60.Final-osx-x86_64.jar:/Users/ramandhiman/.m2/repository/org/reactivestreams/reactive-streams/1.0.3/reactive-streams-1.0.3.jar:/Users/ramandhiman/.m2/repository/com/typesafe/netty/netty-reactive-streams/2.0.4/netty-reactive-streams-2.0.4.jar:/Users/ramandhiman/.m2/repository/com/sun/activation/jakarta.activation/1.2.2/jakarta.activation-1.2.2.jar:/Users/ramandhiman/.m2/repository/org/seleniumhq/selenium/selenium-http/4.1.4/selenium-http-4.1.4.jar:/Users/ramandhiman/.m2/repository/dev/failsafe/failsafe/3.2.3/failsafe-3.2.3.jar:/Users/ramandhiman/.m2/repository/org/seleniumhq/selenium/selenium-safari-driver/4.1.4/selenium-safari-driver-4.1.4.jar:/Users/ramandhiman/.m2/repository/org/seleniumhq/selenium/selenium-support/4.1.4/selenium-support-4.1.4.jar:/Users/ramandhiman/.m2/repository/org/apache/poi/poi/5.2.2/poi-5.2.2.jar:/Users/ramandhiman/.m2/repository/commons-codec/commons-codec/1.15/commons-codec-1.15.jar:/Users/ramandhiman/.m2/repository/org/apache/commons/commons-collections4/4.4/commons-collections4-4.4.jar:/Users/ramandhiman/.m2/repository/org/apache/commons/commons-math3/3.6.1/commons-math3-3.6.1.jar:/Users/ramandhiman/.m2/repository/commons-io/commons-io/2.11.0/commons-io-2.11.0.jar:/Users/ramandhiman/.m2/repository/com/zaxxer/SparseBitSet/1.2/SparseBitSet-1.2.jar:/Users/ramandhiman/.m2/repository/org/apache/logging/log4j/log4j-api/2.17.2/log4j-api-2.17.2.jar:/Users/ramandhiman/.m2/repository/ru/yandex/qatools/ashot/ashot/1.5.4/ashot-1.5.4.jar:/Users/ramandhiman/.m2/repository/com/google/code/gson/gson/2.6.2/gson-2.6.2.jar:/Users/ramandhiman/.m2/repository/org/hamcrest/hamcrest-core/1.3/hamcrest-core-1.3.jar:/Users/ramandhiman/.m2/repository/io/github/bonigarcia/webdrivermanager/3.8.1/webdrivermanager-3.8.1.jar:/Users/ramandhiman/.m2/repository/org/slf4j/slf4j-api/1.7.25/slf4j-api-1.7.25.jar:/Users/ramandhiman/.m2/repository/org/apache/commons/commons-lang3/3.8.1/commons-lang3-3.8.1.jar:/Users/ramandhiman/.m2/repository/org/apache/httpcomponents/httpclient/4.5.6/httpclient-4.5.6.jar:/Users/ramandhiman/.m2/repository/org/apache/httpcomponents/httpcore/4.4.10/httpcore-4.4.10.jar:/Users/ramandhiman/.m2/repository/commons-logging/commons-logging/1.2/commons-logging-1.2.jar:/Users/ramandhiman/.m2/repository/org/rauschig/jarchivelib/1.0.0/jarchivelib-1.0.0.jar:/Users/ramandhiman/.m2/repository/org/apache/commons/commons-compress/1.18/commons-compress-1.18.jar:/Users/ramandhiman/.m2/repository/org/jsoup/jsoup/1.11.3/jsoup-1.11.3.jar:/Users/ramandhiman/.m2/repository/com/aventstack/extentreports/3.1.5/extentreports-3.1.5.jar:/Users/ramandhiman/.m2/repository/org/freemarker/freemarker/2.3.23/freemarker-2.3.23.jar:/Users/ramandhiman/.m2/repository/org/mongodb/mongodb-driver/3.3.0/mongodb-driver-3.3.0.jar:/Users/ramandhiman/.m2/repository/org/mongodb/bson/3.3.0/bson-3.3.0.jar:/Users/ramandhiman/.m2/repository/org/mongodb/mongodb-driver-core/3.3.0/mongodb-driver-core-3.3.0.jar:/Users/ramandhiman/.m2/repository/org/apache/httpcomponents/httpmime/4.5.2/httpmime-4.5.2.jar:/Users/ramandhiman/.m2/repository/org/testng/testng/7.1.0/testng-7.1.0.jar:/Users/ramandhiman/.m2/repository/com/beust/jcommander/1.72/jcommander-1.72.jar:/Users/ramandhiman/.m2/repository/com/google/inject/guice/4.1.0/guice-4.1.0-no_aop.jar:/Users/ramandhiman/.m2/repository/javax/inject/javax.inject/1/javax.inject-1.jar:/Users/ramandhiman/.m2/repository/aopalliance/aopalliance/1.0/aopalliance-1.0.jar:/Users/ramandhiman/.m2/repository/org/yaml/snakeyaml/1.21/snakeyaml-1.21.jar:"/>
    <property name="java.vm.vendor" value="Oracle Corporation"/>
    <property name="sun.arch.data.model" value="64"/>
    <property name="java.vendor.url" value="https://openjdk.java.net/"/>
    <property name="user.timezone" value="Asia/Kolkata"/>
    <property name="suiteXmlFile" value="testng.xml"/>
    <property name="java.vm.specification.version" value="11"/>
    <property name="os.name" value="Mac OS X"/>
    <property name="sun.java.launcher" value="SUN_STANDARD"/>
    <property name="user.country" value="IN"/>
    <property name="sun.boot.library.path" value="/Library/Java/JavaVirtualMachines/jdk-11.0.14.jdk/Contents/Home/lib"/>
    <property name="sun.java.command" value="/Users/ramandhiman/eclipse-workspace2020_12/WebSelenium_Intellij/target/surefire/surefirebooter-20220612205522305_3.jar /Users/ramandhiman/eclipse-workspace2020_12/WebSelenium_Intellij/target/surefire 2022-06-12T20-55-21_615-jvmRun1 surefire-20220612205522305_1tmp surefire_0-20220612205522305_2tmp"/>
    <property name="http.nonProxyHosts" value="local|*.local|169.254/16|*.169.254/16"/>
    <property name="jdk.debug" value="release"/>
    <property name="surefire.test.class.path" value="/Users/ramandhiman/eclipse-workspace2020_12/WebSelenium_Intellij/target/test-classes:/Users/ramandhiman/eclipse-workspace2020_12/WebSelenium_Intellij/target/classes:/Users/ramandhiman/.m2/repository/org/seleniumhq/selenium/selenium-java/4.1.4/selenium-java-4.1.4.jar:/Users/ramandhiman/.m2/repository/org/seleniumhq/selenium/selenium-api/4.1.4/selenium-api-4.1.4.jar:/Users/ramandhiman/.m2/repository/org/seleniumhq/selenium/selenium-chrome-driver/4.1.4/selenium-chrome-driver-4.1.4.jar:/Users/ramandhiman/.m2/repository/com/google/auto/service/auto-service-annotations/1.0.1/auto-service-annotations-1.0.1.jar:/Users/ramandhiman/.m2/repository/com/google/auto/service/auto-service/1.0.1/auto-service-1.0.1.jar:/Users/ramandhiman/.m2/repository/com/google/auto/auto-common/1.2/auto-common-1.2.jar:/Users/ramandhiman/.m2/repository/com/google/guava/guava/31.1-jre/guava-31.1-jre.jar:/Users/ramandhiman/.m2/repository/com/google/guava/failureaccess/1.0.1/failureaccess-1.0.1.jar:/Users/ramandhiman/.m2/repository/com/google/guava/listenablefuture/9999.0-empty-to-avoid-conflict-with-guava/listenablefuture-9999.0-empty-to-avoid-conflict-with-guava.jar:/Users/ramandhiman/.m2/repository/com/google/code/findbugs/jsr305/3.0.2/jsr305-3.0.2.jar:/Users/ramandhiman/.m2/repository/org/checkerframework/checker-qual/3.12.0/checker-qual-3.12.0.jar:/Users/ramandhiman/.m2/repository/com/google/errorprone/error_prone_annotations/2.11.0/error_prone_annotations-2.11.0.jar:/Users/ramandhiman/.m2/repository/com/google/j2objc/j2objc-annotations/1.3/j2objc-annotations-1.3.jar:/Users/ramandhiman/.m2/repository/org/seleniumhq/selenium/selenium-chromium-driver/4.1.4/selenium-chromium-driver-4.1.4.jar:/Users/ramandhiman/.m2/repository/org/seleniumhq/selenium/selenium-json/4.1.4/selenium-json-4.1.4.jar:/Users/ramandhiman/.m2/repository/org/seleniumhq/selenium/selenium-devtools-v100/4.1.4/selenium-devtools-v100-4.1.4.jar:/Users/ramandhiman/.m2/repository/org/seleniumhq/selenium/selenium-devtools-v101/4.1.4/selenium-devtools-v101-4.1.4.jar:/Users/ramandhiman/.m2/repository/org/seleniumhq/selenium/selenium-devtools-v85/4.1.4/selenium-devtools-v85-4.1.4.jar:/Users/ramandhiman/.m2/repository/org/seleniumhq/selenium/selenium-devtools-v99/4.1.4/selenium-devtools-v99-4.1.4.jar:/Users/ramandhiman/.m2/repository/org/seleniumhq/selenium/selenium-edge-driver/4.1.4/selenium-edge-driver-4.1.4.jar:/Users/ramandhiman/.m2/repository/org/seleniumhq/selenium/selenium-firefox-driver/4.1.4/selenium-firefox-driver-4.1.4.jar:/Users/ramandhiman/.m2/repository/org/seleniumhq/selenium/selenium-ie-driver/4.1.4/selenium-ie-driver-4.1.4.jar:/Users/ramandhiman/.m2/repository/org/seleniumhq/selenium/selenium-opera-driver/4.1.4/selenium-opera-driver-4.1.4.jar:/Users/ramandhiman/.m2/repository/org/seleniumhq/selenium/selenium-remote-driver/4.1.4/selenium-remote-driver-4.1.4.jar:/Users/ramandhiman/.m2/repository/io/netty/netty-buffer/4.1.76.Final/netty-buffer-4.1.76.Final.jar:/Users/ramandhiman/.m2/repository/io/netty/netty-codec-http/4.1.76.Final/netty-codec-http-4.1.76.Final.jar:/Users/ramandhiman/.m2/repository/io/netty/netty-codec/4.1.76.Final/netty-codec-4.1.76.Final.jar:/Users/ramandhiman/.m2/repository/io/netty/netty-handler/4.1.76.Final/netty-handler-4.1.76.Final.jar:/Users/ramandhiman/.m2/repository/io/netty/netty-common/4.1.76.Final/netty-common-4.1.76.Final.jar:/Users/ramandhiman/.m2/repository/io/netty/netty-transport-classes-epoll/4.1.76.Final/netty-transport-classes-epoll-4.1.76.Final.jar:/Users/ramandhiman/.m2/repository/io/netty/netty-transport-classes-kqueue/4.1.76.Final/netty-transport-classes-kqueue-4.1.76.Final.jar:/Users/ramandhiman/.m2/repository/io/netty/netty-transport-native-epoll/4.1.76.Final/netty-transport-native-epoll-4.1.76.Final.jar:/Users/ramandhiman/.m2/repository/io/netty/netty-transport-native-kqueue/4.1.76.Final/netty-transport-native-kqueue-4.1.76.Final.jar:/Users/ramandhiman/.m2/repository/io/netty/netty-transport-native-unix-common/4.1.76.Final/netty-transport-native-unix-common-4.1.76.Final.jar:/Users/ramandhiman/.m2/repository/io/netty/netty-transport/4.1.76.Final/netty-transport-4.1.76.Final.jar:/Users/ramandhiman/.m2/repository/io/netty/netty-resolver/4.1.76.Final/netty-resolver-4.1.76.Final.jar:/Users/ramandhiman/.m2/repository/io/opentelemetry/opentelemetry-api/1.13.0/opentelemetry-api-1.13.0.jar:/Users/ramandhiman/.m2/repository/io/opentelemetry/opentelemetry-context/1.13.0/opentelemetry-context-1.13.0.jar:/Users/ramandhiman/.m2/repository/io/opentelemetry/opentelemetry-exporter-logging/1.13.0/opentelemetry-exporter-logging-1.13.0.jar:/Users/ramandhiman/.m2/repository/io/opentelemetry/opentelemetry-sdk-metrics/1.13.0-alpha/opentelemetry-sdk-metrics-1.13.0-alpha.jar:/Users/ramandhiman/.m2/repository/io/opentelemetry/opentelemetry-sdk-logs/1.13.0-alpha/opentelemetry-sdk-logs-1.13.0-alpha.jar:/Users/ramandhiman/.m2/repository/io/opentelemetry/opentelemetry-sdk-common/1.13.0/opentelemetry-sdk-common-1.13.0.jar:/Users/ramandhiman/.m2/repository/io/opentelemetry/opentelemetry-sdk-extension-autoconfigure-spi/1.13.0/opentelemetry-sdk-extension-autoconfigure-spi-1.13.0.jar:/Users/ramandhiman/.m2/repository/io/opentelemetry/opentelemetry-sdk-extension-autoconfigure/1.13.0-alpha/opentelemetry-sdk-extension-autoconfigure-1.13.0-alpha.jar:/Users/ramandhiman/.m2/repository/io/opentelemetry/opentelemetry-sdk-trace/1.13.0/opentelemetry-sdk-trace-1.13.0.jar:/Users/ramandhiman/.m2/repository/io/opentelemetry/opentelemetry-sdk/1.13.0/opentelemetry-sdk-1.13.0.jar:/Users/ramandhiman/.m2/repository/io/opentelemetry/opentelemetry-semconv/1.13.0-alpha/opentelemetry-semconv-1.13.0-alpha.jar:/Users/ramandhiman/.m2/repository/io/ous/jtoml/2.0.0/jtoml-2.0.0.jar:/Users/ramandhiman/.m2/repository/net/bytebuddy/byte-buddy/1.12.9/byte-buddy-1.12.9.jar:/Users/ramandhiman/.m2/repository/org/apache/commons/commons-exec/1.3/commons-exec-1.3.jar:/Users/ramandhiman/.m2/repository/org/asynchttpclient/async-http-client/2.12.3/async-http-client-2.12.3.jar:/Users/ramandhiman/.m2/repository/org/asynchttpclient/async-http-client-netty-utils/2.12.3/async-http-client-netty-utils-2.12.3.jar:/Users/ramandhiman/.m2/repository/io/netty/netty-codec-socks/4.1.60.Final/netty-codec-socks-4.1.60.Final.jar:/Users/ramandhiman/.m2/repository/io/netty/netty-handler-proxy/4.1.60.Final/netty-handler-proxy-4.1.60.Final.jar:/Users/ramandhiman/.m2/repository/io/netty/netty-transport-native-epoll/4.1.60.Final/netty-transport-native-epoll-4.1.60.Final-linux-x86_64.jar:/Users/ramandhiman/.m2/repository/io/netty/netty-transport-native-kqueue/4.1.60.Final/netty-transport-native-kqueue-4.1.60.Final-osx-x86_64.jar:/Users/ramandhiman/.m2/repository/org/reactivestreams/reactive-streams/1.0.3/reactive-streams-1.0.3.jar:/Users/ramandhiman/.m2/repository/com/typesafe/netty/netty-reactive-streams/2.0.4/netty-reactive-streams-2.0.4.jar:/Users/ramandhiman/.m2/repository/com/sun/activation/jakarta.activation/1.2.2/jakarta.activation-1.2.2.jar:/Users/ramandhiman/.m2/repository/org/seleniumhq/selenium/selenium-http/4.1.4/selenium-http-4.1.4.jar:/Users/ramandhiman/.m2/repository/dev/failsafe/failsafe/3.2.3/failsafe-3.2.3.jar:/Users/ramandhiman/.m2/repository/org/seleniumhq/selenium/selenium-safari-driver/4.1.4/selenium-safari-driver-4.1.4.jar:/Users/ramandhiman/.m2/repository/org/seleniumhq/selenium/selenium-support/4.1.4/selenium-support-4.1.4.jar:/Users/ramandhiman/.m2/repository/org/apache/poi/poi/5.2.2/poi-5.2.2.jar:/Users/ramandhiman/.m2/repository/commons-codec/commons-codec/1.15/commons-codec-1.15.jar:/Users/ramandhiman/.m2/repository/org/apache/commons/commons-collections4/4.4/commons-collections4-4.4.jar:/Users/ramandhiman/.m2/repository/org/apache/commons/commons-math3/3.6.1/commons-math3-3.6.1.jar:/Users/ramandhiman/.m2/repository/commons-io/commons-io/2.11.0/commons-io-2.11.0.jar:/Users/ramandhiman/.m2/repository/com/zaxxer/SparseBitSet/1.2/SparseBitSet-1.2.jar:/Users/ramandhiman/.m2/repository/org/apache/logging/log4j/log4j-api/2.17.2/log4j-api-2.17.2.jar:/Users/ramandhiman/.m2/repository/ru/yandex/qatools/ashot/ashot/1.5.4/ashot-1.5.4.jar:/Users/ramandhiman/.m2/repository/com/google/code/gson/gson/2.6.2/gson-2.6.2.jar:/Users/ramandhiman/.m2/repository/org/hamcrest/hamcrest-core/1.3/hamcrest-core-1.3.jar:/Users/ramandhiman/.m2/repository/io/github/bonigarcia/webdrivermanager/3.8.1/webdrivermanager-3.8.1.jar:/Users/ramandhiman/.m2/repository/org/slf4j/slf4j-api/1.7.25/slf4j-api-1.7.25.jar:/Users/ramandhiman/.m2/repository/org/apache/commons/commons-lang3/3.8.1/commons-lang3-3.8.1.jar:/Users/ramandhiman/.m2/repository/org/apache/httpcomponents/httpclient/4.5.6/httpclient-4.5.6.jar:/Users/ramandhiman/.m2/repository/org/apache/httpcomponents/httpcore/4.4.10/httpcore-4.4.10.jar:/Users/ramandhiman/.m2/repository/commons-logging/commons-logging/1.2/commons-logging-1.2.jar:/Users/ramandhiman/.m2/repository/org/rauschig/jarchivelib/1.0.0/jarchivelib-1.0.0.jar:/Users/ramandhiman/.m2/repository/org/apache/commons/commons-compress/1.18/commons-compress-1.18.jar:/Users/ramandhiman/.m2/repository/org/jsoup/jsoup/1.11.3/jsoup-1.11.3.jar:/Users/ramandhiman/.m2/repository/com/aventstack/extentreports/3.1.5/extentreports-3.1.5.jar:/Users/ramandhiman/.m2/repository/org/freemarker/freemarker/2.3.23/freemarker-2.3.23.jar:/Users/ramandhiman/.m2/repository/org/mongodb/mongodb-driver/3.3.0/mongodb-driver-3.3.0.jar:/Users/ramandhiman/.m2/repository/org/mongodb/bson/3.3.0/bson-3.3.0.jar:/Users/ramandhiman/.m2/repository/org/mongodb/mongodb-driver-core/3.3.0/mongodb-driver-core-3.3.0.jar:/Users/ramandhiman/.m2/repository/org/apache/httpcomponents/httpmime/4.5.2/httpmime-4.5.2.jar:/Users/ramandhiman/.m2/repository/org/testng/testng/7.1.0/testng-7.1.0.jar:/Users/ramandhiman/.m2/repository/com/beust/jcommander/1.72/jcommander-1.72.jar:/Users/ramandhiman/.m2/repository/com/google/inject/guice/4.1.0/guice-4.1.0-no_aop.jar:/Users/ramandhiman/.m2/repository/javax/inject/javax.inject/1/javax.inject-1.jar:/Users/ramandhiman/.m2/repository/aopalliance/aopalliance/1.0/aopalliance-1.0.jar:/Users/ramandhiman/.m2/repository/org/yaml/snakeyaml/1.21/snakeyaml-1.21.jar:"/>
    <property name="sun.cpu.endian" value="little"/>
    <property name="user.home" value="/Users/ramandhiman"/>
    <property name="user.language" value="en"/>
    <property name="java.specification.vendor" value="Oracle Corporation"/>
    <property name="java.version.date" value="2022-01-18"/>
    <property name="java.home" value="/Library/Java/JavaVirtualMachines/jdk-11.0.14.jdk/Contents/Home"/>
    <property name="file.separator" value="/"/>
    <property name="basedir" value="/Users/ramandhiman/eclipse-workspace2020_12/WebSelenium_Intellij"/>
    <property name="java.vm.compressedOopsMode" value="Zero based"/>
    <property name="line.separator" value="&#10;"/>
    <property name="java.specification.name" value="Java Platform API Specification"/>
    <property name="java.vm.specification.vendor" value="Oracle Corporation"/>
    <property name="java.awt.graphicsenv" value="sun.awt.CGraphicsEnvironment"/>
    <property name="BROWSER_NAME" value="chrome"/>
    <property name="surefire.real.class.path" value="/Users/ramandhiman/eclipse-workspace2020_12/WebSelenium_Intellij/target/surefire/surefirebooter-20220612205522305_3.jar"/>
    <property name="sun.management.compiler" value="HotSpot 64-Bit Tiered Compilers"/>
    <property name="ftp.nonProxyHosts" value="local|*.local|169.254/16|*.169.254/16"/>
    <property name="java.runtime.version" value="11.0.14+8-LTS-263"/>
    <property name="user.name" value="ramandhiman"/>
    <property name="path.separator" value=":"/>
    <property name="os.version" value="11.5.2"/>
    <property name="java.runtime.name" value="Java(TM) SE Runtime Environment"/>
    <property name="file.encoding" value="UTF-8"/>
    <property name="java.vm.name" value="Java HotSpot(TM) 64-Bit Server VM"/>
    <property name="java.vendor.version" value="18.9"/>
    <property name="localRepository" value="/Users/ramandhiman/.m2/repository"/>
    <property name="java.vendor.url.bug" value="https://bugreport.java.com/bugreport/"/>
    <property name="java.io.tmpdir" value="/var/folders/w_/j99q0by147z88wls2rdgbz2m0000gn/T/"/>
    <property name="java.version" value="11.0.14"/>
    <property name="user.dir" value="/Users/ramandhiman/eclipse-workspace2020_12/WebSelenium_Intellij"/>
    <property name="os.arch" value="x86_64"/>
    <property name="java.vm.specification.name" value="Java Virtual Machine Specification"/>
    <property name="java.awt.printerjob" value="sun.lwawt.macosx.CPrinterJob"/>
    <property name="sun.os.patch.level" value="unknown"/>
    <property name="java.library.path" value="/Users/ramandhiman/Library/Java/Extensions:/Library/Java/Extensions:/Network/Library/Java/Extensions:/System/Library/Java/Extensions:/usr/lib/java:."/>
    <property name="java.vendor" value="Oracle Corporation"/>
    <property name="java.vm.info" value="mixed mode"/>
    <property name="java.vm.version" value="11.0.14+8-LTS-263"/>
    <property name="sun.io.unicode.encoding" value="UnicodeBig"/>
    <property name="java.class.version" value="55.0"/>
    <property name="socksNonProxyHosts" value="local|*.local|169.254/16|*.169.254/16"/>
  </properties>
  <testcase name="loginTest" classname="TestScripts.LoginTest" time="4.524">
    <system-out><![CDATA[ [Listener] :TEST CASE START

 [Listener] :TEST CASE PASS
]]></system-out>
    <system-err><![CDATA[SLF4J: Failed to load class "org.slf4j.impl.StaticLoggerBinder".
SLF4J: Defaulting to no-operation (NOP) logger implementation
SLF4J: See http://www.slf4j.org/codes.html#StaticLoggerBinder for further details.
ERROR StatusLogger Log4j2 could not find a logging implementation. Please add log4j-core to the classpath. Using SimpleLogger to log to the console...
Starting ChromeDriver 102.0.5005.61 (0e59bcc00cc4985ce39ad31c150065f159d95ad3-refs/branch-heads/5005@{#819}) on port 59446
Only local connections are allowed.
Please see https://chromedriver.chromium.org/security-considerations for suggestions on keeping ChromeDriver safe.
ChromeDriver was started successfully.
Jun 12, 2022 8:55:31 PM org.openqa.selenium.remote.ProtocolHandshake createSession
INFO: Detected dialect: W3C
Jun 12, 2022 8:55:31 PM org.openqa.selenium.devtools.CdpVersionFinder findNearestMatch
WARNING: Unable to find an exact match for CDP version 102, so returning the closest version found: 101
Jun 12, 2022 8:55:31 PM org.openqa.selenium.devtools.CdpVersionFinder findNearestMatch
INFO: Found CDP implementation for version 102 of 101
]]></system-err>
  </testcase>
  <testcase name="doMobileSectionTest" classname="TestScripts.MobileSectionTest" time="6.404">
    <system-out><![CDATA[ [Listener] :TEST CASE START
 [Listener] :TEST CASE PASS
]]></system-out>
    <system-err><![CDATA[Starting ChromeDriver 102.0.5005.61 (0e59bcc00cc4985ce39ad31c150065f159d95ad3-refs/branch-heads/5005@{#819}) on port 50571
Only local connections are allowed.
Please see https://chromedriver.chromium.org/security-considerations for suggestions on keeping ChromeDriver safe.
ChromeDriver was started successfully.
Jun 12, 2022 8:56:42 PM org.openqa.selenium.remote.ProtocolHandshake createSession
INFO: Detected dialect: W3C
Jun 12, 2022 8:56:42 PM org.openqa.selenium.devtools.CdpVersionFinder findNearestMatch
WARNING: Unable to find an exact match for CDP version 102, so returning the closest version found: 101
Jun 12, 2022 8:56:42 PM org.openqa.selenium.devtools.CdpVersionFinder findNearestMatch
INFO: Found CDP implementation for version 102 of 101
Jun 12, 2022 8:56:46 PM ApplicationUtil.Util.MobileUtil <init>
INFO: initialize the mObile page
Jun 12, 2022 8:56:46 PM ApplicationUtil.Util.MobileUtil mobileListPage
INFO: waiting
Jun 12, 2022 8:56:48 PM ApplicationUtil.Util.MobileUtil mobileListPage
INFO: Pressing escape key
Jun 12, 2022 8:56:50 PM ApplicationUtil.Util.MobileUtil mobileListPage
INFO: clicking on mobile link    
]]></system-err>
  </testcase>
</testsuite>