<?xml version="1.0" encoding="UTF-8"?>
<!-- Generated by org.testng.reporters.JUnitReportReporter -->
<testsuite hostname="192.168.1.2" failures="0" tests="1" name="TestScripts.MobileSectionTest" time="6.403" errors="0" timestamp="2022-06-12T20:56:54 IST" skipped="0">
  <testcase classname="TestScripts.MobileSectionTest" name="doMobileSectionTest" time="6.403"/>
  <system-out/>
</testsuite> <!-- TestScripts.MobileSectionTest -->
